<?xml version="1.0" encoding="UTF-8"?>
<!-- Generated by org.testng.reporters.JUnitReportReporter -->
<testsuite hostname="LAPTOP-UN5I8D3I" failures="0" tests="1" name="tests.nopcommerce_Valid_Login_Test" time="4.478" errors="0" timestamp="2025-07-17T02:54:40 IST" skipped="0">
  <testcase classname="tests.nopcommerce_Valid_Login_Test" name="Valid_Login_Test" time="4.478"/>
  <system-out/>
</testsuite> <!-- tests.nopcommerce_Valid_Login_Test -->
